<?xml version="1.0" encoding="UTF-8"?>
<testsuite xmlns:xsi="http://www.w3.org/2001/XMLSchema-instance" xsi:noNamespaceSchemaLocation="https://maven.apache.org/surefire/maven-surefire-plugin/xsd/surefire-test-report-3.0.xsd" version="3.0" name="Teste classe ListaUtil" time="0.08" tests="21" errors="0" skipped="0" failures="0">
  <properties>
    <property name="java.specification.version" value="17"/>
    <property name="sun.cpu.isalist" value="amd64"/>
    <property name="sun.jnu.encoding" value="Cp1252"/>
    <property name="java.class.path" value="C:\Users\vitor\Downloads\projeto-lista-desafio\projeto-lista-desafio\target\test-classes;C:\Users\vitor\Downloads\projeto-lista-desafio\projeto-lista-desafio\target\classes;C:\Users\vitor\.m2\repository\org\junit\jupiter\junit-jupiter-api\5.6.0\junit-jupiter-api-5.6.0.jar;C:\Users\vitor\.m2\repository\org\apiguardian\apiguardian-api\1.1.0\apiguardian-api-1.1.0.jar;C:\Users\vitor\.m2\repository\org\opentest4j\opentest4j\1.2.0\opentest4j-1.2.0.jar;C:\Users\vitor\.m2\repository\org\junit\platform\junit-platform-commons\1.6.0\junit-platform-commons-1.6.0.jar;C:\Users\vitor\.m2\repository\org\junit\jupiter\junit-jupiter-params\5.6.0\junit-jupiter-params-5.6.0.jar;C:\Users\vitor\.m2\repository\org\junit\jupiter\junit-jupiter-engine\5.6.0\junit-jupiter-engine-5.6.0.jar;C:\Users\vitor\.m2\repository\org\junit\platform\junit-platform-engine\1.6.0\junit-platform-engine-1.6.0.jar;"/>
    <property name="java.vm.vendor" value="Oracle Corporation"/>
    <property name="sun.arch.data.model" value="64"/>
    <property name="user.variant" value=""/>
    <property name="java.vendor.url" value="https://java.oracle.com/"/>
    <property name="user.timezone" value="America/Sao_Paulo"/>
    <property name="os.name" value="Windows 11"/>
    <property name="java.vm.specification.version" value="17"/>
    <property name="user.country" value="BR"/>
    <property name="sun.java.launcher" value="SUN_STANDARD"/>
    <property name="sun.boot.library.path" value="C:\Program Files\Java\jdk-17\bin"/>
    <property name="sun.java.command" value="C:\Users\vitor\AppData\Local\Temp\surefire16975307275349149416\surefirebooter9492085354386648285.jar C:\Users\vitor\AppData\Local\Temp\surefire16975307275349149416 2023-04-27T21-16-48_426-jvmRun1 surefire12574630336624495827tmp surefire_0636015310372372048tmp"/>
    <property name="jdk.debug" value="release"/>
    <property name="surefire.test.class.path" value="C:\Users\vitor\Downloads\projeto-lista-desafio\projeto-lista-desafio\target\test-classes;C:\Users\vitor\Downloads\projeto-lista-desafio\projeto-lista-desafio\target\classes;C:\Users\vitor\.m2\repository\org\junit\jupiter\junit-jupiter-api\5.6.0\junit-jupiter-api-5.6.0.jar;C:\Users\vitor\.m2\repository\org\apiguardian\apiguardian-api\1.1.0\apiguardian-api-1.1.0.jar;C:\Users\vitor\.m2\repository\org\opentest4j\opentest4j\1.2.0\opentest4j-1.2.0.jar;C:\Users\vitor\.m2\repository\org\junit\platform\junit-platform-commons\1.6.0\junit-platform-commons-1.6.0.jar;C:\Users\vitor\.m2\repository\org\junit\jupiter\junit-jupiter-params\5.6.0\junit-jupiter-params-5.6.0.jar;C:\Users\vitor\.m2\repository\org\junit\jupiter\junit-jupiter-engine\5.6.0\junit-jupiter-engine-5.6.0.jar;C:\Users\vitor\.m2\repository\org\junit\platform\junit-platform-engine\1.6.0\junit-platform-engine-1.6.0.jar;"/>
    <property name="sun.cpu.endian" value="little"/>
    <property name="user.home" value="C:\Users\vitor"/>
    <property name="user.language" value="pt"/>
    <property name="java.specification.vendor" value="Oracle Corporation"/>
    <property name="java.version.date" value="2023-01-17"/>
    <property name="java.home" value="C:\Program Files\Java\jdk-17"/>
    <property name="file.separator" value="\"/>
    <property name="basedir" value="C:\Users\vitor\Downloads\projeto-lista-desafio\projeto-lista-desafio"/>
    <property name="java.vm.compressedOopsMode" value="Zero based"/>
    <property name="line.separator" value="&#10;"/>
    <property name="java.vm.specification.vendor" value="Oracle Corporation"/>
    <property name="java.specification.name" value="Java Platform API Specification"/>
    <property name="surefire.real.class.path" value="C:\Users\vitor\AppData\Local\Temp\surefire16975307275349149416\surefirebooter9492085354386648285.jar"/>
    <property name="user.script" value=""/>
    <property name="sun.management.compiler" value="HotSpot 64-Bit Tiered Compilers"/>
    <property name="java.runtime.version" value="17.0.6+9-LTS-190"/>
    <property name="user.name" value="vitor"/>
    <property name="path.separator" value=";"/>
    <property name="os.version" value="10.0"/>
    <property name="java.runtime.name" value="Java(TM) SE Runtime Environment"/>
    <property name="file.encoding" value="UTF-8"/>
    <property name="java.vm.name" value="Java HotSpot(TM) 64-Bit Server VM"/>
    <property name="maven.ext.class.path" value="C:\Program Files\NetBeans-12.6\netbeans\java\maven-nblib\netbeans-eventspy.jar;C:\Program Files\NetBeans-12.6\netbeans\java\maven-nblib\netbeans-eventspy.jar"/>
    <property name="localRepository" value="C:\Users\vitor\.m2\repository"/>
    <property name="java.vendor.url.bug" value="https://bugreport.java.com/bugreport/"/>
    <property name="java.io.tmpdir" value="C:\Users\vitor\AppData\Local\Temp\"/>
    <property name="java.version" value="17.0.6"/>
    <property name="user.dir" value="C:\Users\vitor\Downloads\projeto-lista-desafio\projeto-lista-desafio"/>
    <property name="os.arch" value="amd64"/>
    <property name="java.vm.specification.name" value="Java Virtual Machine Specification"/>
    <property name="sun.os.patch.level" value=""/>
    <property name="native.encoding" value="Cp1252"/>
    <property name="java.library.path" value="C:\Program Files\Java\jdk-17\bin;C:\Windows\Sun\Java\bin;C:\Windows\system32;C:\Windows;C:\Program Files\Common Files\Oracle\Java\javapath;C:\Program Files (x86)\Common Files\Oracle\Java\javapath;C:\Windows\system32;C:\Windows;C:\Windows\System32\Wbem;C:\Windows\System32\WindowsPowerShell\v1.0\;C:\Windows\System32\OpenSSH\;C:\Program Files\Git\cmd;C:\Program Files\nodejs\;C:\Program Files\MySQL\MySQL Server 8.0\bin;C:\Program Files\Microsoft SQL Server\Client SDK\ODBC\130\Tools\Binn\;C:\Program Files (x86)\Microsoft SQL Server\140\Tools\Binn\;C:\Program Files\Microsoft SQL Server\140\Tools\Binn\;C:\Program Files\Microsoft SQL Server\140\DTS\Binn\;C:\Program Files (x86)\Microsoft SQL Server\160\DTS\Binn\;C:\Program Files\Azure Data Studio\bin;C:\Program Files\MySQL\MySQL Shell 8.0\bin\;C:\Users\vitor\AppData\Local\Microsoft\WindowsApps;;C:\Users\vitor\AppData\Local\Programs\Microsoft VS Code\bin;C:\Users\vitor\AppData\Roaming\npm;C:\Program Files\Azure Data Studio\bin;."/>
    <property name="java.vm.info" value="mixed mode, sharing"/>
    <property name="java.vendor" value="Oracle Corporation"/>
    <property name="java.vm.version" value="17.0.6+9-LTS-190"/>
    <property name="sun.io.unicode.encoding" value="UnicodeLittle"/>
    <property name="java.class.version" value="61.0"/>
  </properties>
  <testcase name="add(): Quando adicionado valor null não altera o tamanho da lista" classname="Teste classe ListaUtil" time="0.038"/>
  <testcase name="count(): Quando a lista possuir 3 valores retorna 3" classname="Teste classe ListaUtil" time="0.001"/>
  <testcase name="hasDuplicidade(): Quando a lista não possuir valores duplicados deve retornar false" classname="Teste classe ListaUtil" time="0.002"/>
  <testcase name="getMenor(): Quando a lista estiver vazia deve retornar 0" classname="Teste classe ListaUtil" time="0.001"/>
  <testcase name="remove(): Quando passado um valor que existe na lista o valor deve ser removido" classname="Teste classe ListaUtil" time="0.002"/>
  <testcase name="getMaior(): Quando a lista estiver vazia deve retornar 0" classname="Teste classe ListaUtil" time="0"/>
  <testcase name="somar(): Quando a lista possuir valores 30, 10 e 2 deve retornar a soma correta (42)" classname="Teste classe ListaUtil" time="0.001"/>
  <testcase name="somar(): Quando a lista possuir valores 20, 10, 50, 17 e 2 deve retornar a soma correta (99)" classname="Teste classe ListaUtil" time="0"/>
  <testcase name="add(): Quando adicionado valores positivos e negativos aumenta o tamanho da lista" classname="Teste classe ListaUtil" time="0"/>
  <testcase name="countImpares(): Quando a lista possuir 3 valores ímpares retorna 3" classname="Teste classe ListaUtil" time="0"/>
  <testcase name="hasDuplicidade(): Quando a lista possuir valores duplicados deve retornar true" classname="Teste classe ListaUtil" time="0.002"/>
  <testcase name="getMenor(): Quando a lista possuir valores deve retornar o menor" classname="Teste classe ListaUtil" time="0"/>
  <testcase name="remove(): Quando passado um valor que não existe, não altera o tamanho da lista" classname="Teste classe ListaUtil" time="0"/>
  <testcase name="count(): Quando a lista estiver vazia deve retornar 0" classname="Teste classe ListaUtil" time="0"/>
  <testcase name="somar(): Quando a lista estiver vazia deve retornar 0" classname="Teste classe ListaUtil" time="0"/>
  <testcase name="countPares(): Quando a lista estiver vazia retorna 0" classname="Teste classe ListaUtil" time="0.001"/>
  <testcase name="countImpares(): Quando a lista estiver vazia retorna 0" classname="Teste classe ListaUtil" time="0.001"/>
  <testcase name="countPares(): Quando a lista possuir 6 valores pares retorna 6" classname="Teste classe ListaUtil" time="0.001"/>
  <testcase name="hasDuplicidade(): Quando a lista estiver vazia deve retornar true" classname="Teste classe ListaUtil" time="0.001"/>
  <testcase name="remove(): Quando remover um valor null não altera o tamanho da lista" classname="Teste classe ListaUtil" time="0.001"/>
  <testcase name="getMaior(): Quando a lista possuir valores deve retornar o maior" classname="Teste classe ListaUtil" time="0.001"/>
</testsuite>